<html>
<body>
<pre>
<h1>µVision Build Log</h1>
<h2>Tool Versions:</h2>
IDE-Version: ¦ÌVision V5.36.0.0
Copyright (C) 2021 ARM Ltd and ARM Germany GmbH. All rights reserved.
License Information: asdasd CMLY, asd, LIC=03C6R-K4CCJ-X7HRZ-J2EA1-0FQ8Q-PFI0R
 
Tool Versions:
Toolchain:       MDK-ARM Plus  Version: 5.36.0.0
Toolchain Path:  D:\KEIL\ARM\KEILV5\ARM\ARMCC\Bin
C Compiler:      Armcc.exe V5.06 update 7 (build 960)
Assembler:       Armasm.exe V5.06 update 7 (build 960)
Linker/Locator:  ArmLink.exe V5.06 update 7 (build 960)
Library Manager: ArmAr.exe V5.06 update 7 (build 960)
Hex Converter:   FromElf.exe V5.06 update 7 (build 960)
CPU DLL:         SARMCM3.DLL V5.36.0.0
Dialog DLL:      DCM.DLL V1.17.3.0
Target DLL:      CMSIS_AGDI.dll V1.33.0.0
Dialog DLL:      TCM.DLL V1.53.0.0
 
<h2>Project:</h2>
D:\×ÀÃæ\rc_controller\test_program\MDK\project.uvprojx
Project File Date:  12/02/2023

<h2>Output:</h2>
*** Using Compiler 'V5.06 update 7 (build 960)', folder: 'D:\KEIL\ARM\KEILV5\ARM\ARMCC\Bin'
Build target 'Target 1'
compiling my_controller.c...
..\USER\APP\my_controller.c(5): error:  #147: declaration is incompatible with "uint8_t usart1_buffer[10]"  (declared at line 13 of "..\HARDWARE\inc\usart.h")
  static u8 usart1_buffer[6];
..\USER\APP\my_controller.c(23): error:  #29: expected an expression
  				break;
..\USER\APP\my_controller.c(3): warning:  #177-D: variable "flag"  was declared but never referenced
  static char flag;
..\USER\APP\my_controller.c: 1 warning, 2 errors
compiling main.c...
compiling ros_to_stm32.c...
compiling robot.c...
compiling canrecive.c...
compiling usart.c...
".\Objects\project.axf" - 2 Error(s), 1 Warning(s).

<h2>Software Packages used:</h2>

Package Vendor: Keil
                http://www.keil.com/pack/Keil.STM32F4xx_DFP.2.10.0.pack
                Keil.STM32F4xx_DFP.2.10.0
                STMicroelectronics STM32F4 Series Device Support, Drivers and Examples

<h2>Collection of Component include folders:</h2>
  D:\KEIL\ARM\PACK\Keil\STM32F4xx_DFP\2.10.0\Drivers\CMSIS\Device\ST\STM32F4xx\Include

<h2>Collection of Component Files used:</h2>
Target not created.
Build Time Elapsed:  00:00:02
</pre>
</body>
</html>
